(大娃,2,0,85)(二娃,3,1,85)(三娃,2,2,85)(蛇精,8,2,85)(四娃,3,3,85)(喽啰2,7,3,85)(蝎子,8,3,85)(喽啰3,9,3,85)(五娃,2,4,85)(喽啰4,6,4,85)(喽啰0,8,4,85)(喽啰5,10,4,85)(六娃,3,5,85)(喽啰1,8,5,85)(七娃,2,6,85)(爷爷,3,7,85)
(大娃,2,0,85.0)(二娃,3,1,85.0)(三娃,2,2,85.0)(蛇精,8,2,85.0)(四娃,3,3,85.0)(喽啰2,7,3,85.0)(蝎子,8,3,85.0)(喽啰3,9,3,85.0)(五娃,2,4,85.0)(喽啰4,6,4,85.0)(喽啰0,8,4,85.0)(喽啰5,10,4,85.0)(六娃,3,5,85.0)(喽啰1,8,5,85.0)(七娃,2,6,85.0)(爷爷,3,7,85.0)
(大娃,0,0,85.0)(蛇精,8,0,85.0)(五娃,2,2,85.0)(三娃,4,2,85.0)(喽啰5,10,2,85.0)(四娃,1,3,85.0)(二娃,3,3,85.0)(蝎子,6,3,85.0)(喽啰2,9,3,85.0)(喽啰4,4,4,42.5)(喽啰0,6,4,85.0)(六娃,1,5,85.0)(喽啰3,9,5,85.0)(喽啰1,10,5,85.0)(七娃,0,6,85.0)(爷爷,5,7,85.0)
(大娃,0,0,85.0)(蛇精,8,0,85.0)(五娃,2,2,85.0)(三娃,4,2,85.0)(喽啰5,10,2,85.0)(四娃,1,3,85.0)(二娃,3,3,85.0)(蝎子,6,3,85.0)(喽啰2,9,3,85.0)(喽啰4,4,4,42.5)(喽啰0,6,4,85.0)(六娃,1,5,85.0)(喽啰3,9,5,85.0)(喽啰1,10,5,85.0)(七娃,0,6,85.0)(爷爷,5,7,85.0)
(大娃,0,0,85.0)(蛇精,8,0,85.0)(五娃,2,2,85.0)(三娃,4,2,85.0)(喽啰5,10,2,85.0)(四娃,1,3,85.0)(二娃,3,3,85.0)(蝎子,6,3,85.0)(喽啰2,9,3,85.0)(喽啰4,4,4,42.5)(喽啰0,6,4,85.0)(六娃,1,5,85.0)(喽啰3,9,5,85.0)(喽啰1,10,5,85.0)(七娃,0,6,85.0)(爷爷,5,7,85.0)
(大娃,0,0,85.0)(蛇精,8,0,85.0)(五娃,2,2,85.0)(三娃,4,2,85.0)(喽啰5,10,2,85.0)(四娃,1,3,85.0)(二娃,3,3,85.0)(蝎子,6,3,85.0)(喽啰2,9,3,85.0)(喽啰4,4,4,42.5)(喽啰0,6,4,85.0)(六娃,1,5,85.0)(喽啰3,9,5,85.0)(喽啰1,10,5,85.0)(七娃,0,6,85.0)(爷爷,5,7,85.0)
(大娃,0,0,85.0)(蛇精,8,0,85.0)(五娃,2,2,85.0)(三娃,4,2,85.0)(喽啰5,10,2,85.0)(四娃,1,3,85.0)(二娃,3,3,85.0)(蝎子,6,3,85.0)(喽啰2,9,3,85.0)(喽啰4,4,4,42.5)(喽啰0,6,4,85.0)(六娃,1,5,85.0)(喽啰3,9,5,85.0)(喽啰1,10,5,85.0)(七娃,0,6,85.0)(爷爷,5,7,85.0)
(大娃,0,0,85.0)(蛇精,8,0,85.0)(五娃,2,2,85.0)(三娃,4,2,85.0)(喽啰5,10,2,85.0)(四娃,1,3,85.0)(二娃,3,3,85.0)(蝎子,6,3,85.0)(喽啰2,9,3,85.0)(喽啰4,4,4,42.5)(喽啰0,6,4,85.0)(六娃,1,5,85.0)(喽啰3,9,5,85.0)(喽啰1,10,5,85.0)(七娃,0,6,85.0)(爷爷,5,7,85.0)
(大娃,0,0,85.0)(蛇精,8,0,85.0)(五娃,2,2,85.0)(三娃,4,2,85.0)(喽啰5,10,2,85.0)(四娃,1,3,85.0)(二娃,3,3,85.0)(蝎子,6,3,85.0)(喽啰2,9,3,85.0)(喽啰4,4,4,42.5)(喽啰0,6,4,85.0)(六娃,1,5,85.0)(喽啰3,9,5,85.0)(喽啰1,10,5,85.0)(七娃,0,6,85.0)(爷爷,5,7,85.0)
(大娃,0,0,85.0)(蛇精,8,0,85.0)(五娃,2,2,85.0)(三娃,4,2,85.0)(喽啰5,10,2,85.0)(四娃,1,3,85.0)(二娃,3,3,85.0)(蝎子,6,3,85.0)(喽啰2,9,3,85.0)(喽啰4,4,4,42.5)(喽啰0,6,4,85.0)(六娃,1,5,85.0)(喽啰3,9,5,85.0)(喽啰1,10,5,85.0)(七娃,0,6,85.0)(爷爷,5,7,85.0)
(大娃,0,0,85.0)(蛇精,8,0,85.0)(五娃,2,2,85.0)(三娃,4,2,85.0)(喽啰5,10,2,85.0)(四娃,1,3,85.0)(二娃,3,3,85.0)(蝎子,6,3,85.0)(喽啰2,9,3,85.0)(喽啰4,4,4,42.5)(喽啰0,6,4,85.0)(六娃,1,5,85.0)(喽啰3,9,5,85.0)(喽啰1,10,5,85.0)(七娃,0,6,85.0)(爷爷,5,7,85.0)
(大娃,2,0,85.0)(喽啰5,10,0,85.0)(二娃,3,1,68.0)(三娃,4,2,45.333333333333336)(喽啰0,6,2,42.5)(蛇精,8,2,85.0)(四娃,1,3,85.0)(喽啰2,9,3,85.0)(五娃,2,4,68.0)(六娃,1,5,85.0)(蝎子,6,5,59.49999999999999)(喽啰1,8,5,85.0)(喽啰3,9,5,85.0)(七娃,0,6,85.0)(爷爷,3,7,85.0)
(大娃,2,0,85.0)(三娃,4,0,45.333333333333336)(喽啰5,10,0,85.0)(二娃,3,1,68.0)(喽啰2,9,1,85.0)(喽啰0,6,2,42.5)(蛇精,8,2,85.0)(四娃,3,3,85.0)(五娃,2,4,68.0)(蝎子,6,5,59.49999999999999)(喽啰3,7,5,85.0)(喽啰1,8,5,85.0)(七娃,0,6,85.0)(六娃,1,7,85.0)(爷爷,3,7,85.0)
(大娃,2,0,85.0)(三娃,4,0,45.333333333333336)(喽啰5,10,0,85.0)(二娃,3,1,68.0)(喽啰2,9,1,85.0)(喽啰0,6,2,42.5)(蛇精,8,2,85.0)(四娃,3,3,85.0)(五娃,2,4,68.0)(蝎子,6,5,59.49999999999999)(喽啰3,7,5,85.0)(喽啰1,8,5,85.0)(七娃,2,6,85.0)(六娃,1,7,85.0)(爷爷,3,7,85.0)
(大娃,2,0,85.0)(三娃,4,0,45.333333333333336)(喽啰5,10,0,85.0)(二娃,3,1,68.0)(喽啰2,9,1,85.0)(喽啰0,6,2,42.5)(蛇精,8,2,85.0)(四娃,3,3,85.0)(五娃,2,4,68.0)(蝎子,6,5,59.49999999999999)(喽啰3,7,5,85.0)(喽啰1,8,5,85.0)(七娃,2,6,85.0)(六娃,1,7,85.0)(爷爷,3,7,85.0)
(大娃,2,0,85.0)(三娃,4,0,45.333333333333336)(喽啰5,10,0,85.0)(二娃,3,1,68.0)(喽啰2,9,1,85.0)(喽啰0,6,2,42.5)(蛇精,8,2,85.0)(四娃,3,3,85.0)(五娃,2,4,68.0)(蝎子,6,5,59.49999999999999)(喽啰3,7,5,85.0)(喽啰1,8,5,85.0)(七娃,2,6,85.0)(六娃,1,7,85.0)(爷爷,3,7,85.0)
(大娃,2,0,85.0)(三娃,4,0,45.333333333333336)(喽啰5,10,0,85.0)(二娃,3,1,68.0)(喽啰2,9,1,85.0)(喽啰0,6,2,42.5)(蛇精,8,2,85.0)(四娃,3,3,85.0)(五娃,2,4,68.0)(蝎子,6,5,59.49999999999999)(喽啰3,7,5,85.0)(喽啰1,8,5,85.0)(七娃,2,6,85.0)(六娃,1,7,85.0)(爷爷,3,7,85.0)
(大娃,2,0,85.0)(三娃,4,0,45.333333333333336)(喽啰5,10,0,85.0)(二娃,3,1,68.0)(喽啰2,9,1,85.0)(喽啰0,6,2,42.5)(蛇精,8,2,85.0)(四娃,3,3,85.0)(五娃,2,4,68.0)(蝎子,6,5,59.49999999999999)(喽啰3,7,5,85.0)(喽啰1,8,5,85.0)(七娃,2,6,85.0)(六娃,1,7,85.0)(爷爷,3,7,85.0)
(大娃,2,0,85.0)(三娃,4,0,45.333333333333336)(喽啰5,10,0,85.0)(二娃,3,1,68.0)(喽啰2,9,1,85.0)(喽啰0,6,2,42.5)(蛇精,8,2,85.0)(四娃,3,3,85.0)(五娃,2,4,68.0)(蝎子,6,5,59.49999999999999)(喽啰3,7,5,85.0)(喽啰1,8,5,85.0)(七娃,2,6,85.0)(六娃,1,7,85.0)(爷爷,3,7,85.0)
(大娃,2,0,85.0)(三娃,4,0,45.333333333333336)(喽啰5,10,0,85.0)(二娃,3,1,68.0)(喽啰2,9,1,85.0)(喽啰0,6,2,42.5)(蛇精,8,2,85.0)(四娃,3,3,85.0)(五娃,2,4,68.0)(蝎子,6,5,59.49999999999999)(喽啰3,7,5,85.0)(喽啰1,8,5,85.0)(七娃,2,6,85.0)(六娃,1,7,85.0)(爷爷,3,7,85.0)
(大娃,2,0,85.0)(三娃,4,0,45.333333333333336)(喽啰5,10,0,85.0)(二娃,3,1,68.0)(喽啰2,9,1,85.0)(喽啰0,6,2,42.5)(蛇精,8,2,85.0)(四娃,3,3,85.0)(五娃,2,4,68.0)(蝎子,6,5,59.49999999999999)(喽啰3,7,5,85.0)(喽啰1,8,5,85.0)(七娃,2,6,85.0)(六娃,1,7,85.0)(爷爷,3,7,85.0)
(大娃,0,0,85.0)(三娃,4,0,34.0)(喽啰0,6,0,42.5)(喽啰5,10,0,85.0)(二娃,3,1,68.0)(喽啰2,9,1,85.0)(蛇精,6,2,68.0)(四娃,3,3,85.0)(蝎子,6,3,59.49999999999999)(五娃,2,4,68.0)(爷爷,3,5,85.0)(喽啰3,7,5,85.0)(七娃,2,6,85.0)(六娃,1,7,85.0)(喽啰1,8,7,85.0)
(大娃,0,0,85.0)(三娃,2,0,34.0)(喽啰0,6,0,42.5)(喽啰5,8,0,85.0)(四娃,3,1,85.0)(二娃,5,1,68.0)(喽啰2,9,1,85.0)(五娃,2,2,68.0)(蛇精,6,2,51.0)(蝎子,6,3,59.49999999999999)(六娃,1,5,85.0)(爷爷,3,5,85.0)(喽啰3,5,5,85.0)(七娃,2,6,85.0)(喽啰1,8,7,85.0)
(大娃,0,0,85.0)(三娃,2,0,34.0)(喽啰0,6,0,42.5)(喽啰5,8,0,85.0)(四娃,3,1,85.0)(二娃,5,1,68.0)(五娃,2,2,68.0)(蛇精,6,2,51.0)(蝎子,6,3,59.49999999999999)(喽啰2,9,3,85.0)(七娃,2,4,85.0)(六娃,1,5,85.0)(爷爷,3,5,85.0)(喽啰3,5,5,85.0)(喽啰1,8,7,85.0)
(大娃,0,0,85.0)(三娃,2,0,34.0)(喽啰0,6,0,42.5)(喽啰5,8,0,85.0)(四娃,3,1,85.0)(二娃,5,1,68.0)(五娃,2,2,68.0)(蛇精,6,2,51.0)(蝎子,6,3,59.49999999999999)(喽啰2,9,3,85.0)(七娃,2,4,85.0)(六娃,1,5,85.0)(爷爷,3,5,85.0)(喽啰3,5,5,85.0)(喽啰1,8,7,85.0)
(大娃,0,0,85.0)(三娃,2,0,34.0)(喽啰0,6,0,42.5)(喽啰5,8,0,85.0)(四娃,3,1,85.0)(二娃,5,1,68.0)(五娃,2,2,68.0)(蛇精,6,2,51.0)(蝎子,6,3,59.49999999999999)(喽啰2,9,3,85.0)(七娃,2,4,85.0)(六娃,1,5,85.0)(爷爷,3,5,85.0)(喽啰3,5,5,85.0)(喽啰1,8,7,85.0)
(大娃,0,0,85.0)(三娃,2,0,34.0)(喽啰0,6,0,42.5)(喽啰5,8,0,85.0)(四娃,3,1,85.0)(二娃,5,1,68.0)(五娃,2,2,68.0)(蛇精,6,2,51.0)(蝎子,6,3,59.49999999999999)(喽啰2,9,3,85.0)(七娃,2,4,85.0)(六娃,1,5,85.0)(爷爷,3,5,85.0)(喽啰3,5,5,85.0)(喽啰1,8,7,85.0)
(大娃,0,0,85.0)(三娃,2,0,34.0)(喽啰0,6,0,42.5)(喽啰5,8,0,85.0)(四娃,3,1,85.0)(二娃,5,1,68.0)(五娃,2,2,68.0)(蛇精,6,2,51.0)(蝎子,6,3,59.49999999999999)(喽啰2,9,3,85.0)(七娃,2,4,85.0)(六娃,1,5,85.0)(爷爷,3,5,85.0)(喽啰3,5,5,85.0)(喽啰1,8,7,85.0)
(大娃,0,0,85.0)(三娃,2,0,34.0)(喽啰0,6,0,42.5)(喽啰5,8,0,85.0)(四娃,3,1,85.0)(二娃,5,1,68.0)(五娃,2,2,68.0)(蛇精,6,2,51.0)(蝎子,6,3,59.49999999999999)(喽啰2,9,3,85.0)(七娃,2,4,85.0)(六娃,1,5,85.0)(爷爷,3,5,85.0)(喽啰3,5,5,85.0)(喽啰1,8,7,85.0)
(大娃,0,0,85.0)(三娃,2,0,34.0)(喽啰0,6,0,42.5)(喽啰5,8,0,85.0)(四娃,3,1,85.0)(二娃,5,1,68.0)(五娃,2,2,68.0)(蛇精,6,2,51.0)(蝎子,6,3,59.49999999999999)(喽啰2,9,3,85.0)(七娃,2,4,85.0)(六娃,1,5,85.0)(爷爷,3,5,85.0)(喽啰3,5,5,85.0)(喽啰1,8,7,85.0)
(大娃,0,0,85.0)(三娃,2,0,34.0)(喽啰0,6,0,42.5)(喽啰5,8,0,85.0)(四娃,3,1,85.0)(五娃,2,2,68.0)(蛇精,6,2,51.0)(蝎子,6,3,59.49999999999999)(喽啰2,9,3,85.0)(七娃,2,4,85.0)(六娃,1,5,85.0)(爷爷,3,5,85.0)(喽啰3,5,5,85.0)(喽啰1,8,7,85.0)
(大娃,0,0,85.0)(三娃,2,0,34.0)(喽啰0,4,0,42.5)(喽啰5,8,0,85.0)(四娃,1,1,85.0)(五娃,2,2,68.0)(蛇精,6,2,51.0)(爷爷,3,3,56.666666666666664)(喽啰2,9,3,85.0)(七娃,2,4,85.0)(六娃,1,5,85.0)(喽啰3,5,5,85.0)(蝎子,6,5,59.49999999999999)(喽啰1,8,5,85.0)
(大娃,0,0,85.0)(三娃,2,0,34.0)(喽啰5,6,0,85.0)(四娃,1,1,85.0)(五娃,0,2,68.0)(六娃,1,3,85.0)(爷爷,3,3,56.666666666666664)(喽啰2,9,3,85.0)(七娃,2,4,85.0)(蛇精,6,4,51.0)(蝎子,6,5,59.49999999999999)(喽啰3,7,5,85.0)(喽啰1,8,5,85.0)
(大娃,2,0,85.0)(三娃,4,0,34.0)(喽啰5,6,0,85.0)(四娃,1,1,85.0)(喽啰2,9,1,85.0)(五娃,0,2,68.0)(六娃,1,3,85.0)(爷爷,3,3,56.666666666666664)(七娃,0,4,85.0)(蛇精,6,4,51.0)(蝎子,6,5,59.49999999999999)(喽啰3,7,5,85.0)(喽啰1,8,5,85.0)
(大娃,2,0,85.0)(三娃,4,0,34.0)(喽啰5,6,0,85.0)(四娃,1,1,85.0)(喽啰2,9,1,85.0)(五娃,0,2,68.0)(六娃,1,3,85.0)(爷爷,3,3,56.666666666666664)(七娃,0,4,85.0)(蛇精,6,4,51.0)(蝎子,6,5,59.49999999999999)(喽啰3,7,5,85.0)(喽啰1,8,5,85.0)
(大娃,2,0,85.0)(三娃,4,0,34.0)(喽啰5,6,0,85.0)(四娃,1,1,85.0)(喽啰2,9,1,85.0)(五娃,0,2,68.0)(六娃,1,3,85.0)(爷爷,3,3,56.666666666666664)(七娃,0,4,85.0)(蛇精,6,4,51.0)(蝎子,6,5,59.49999999999999)(喽啰3,7,5,85.0)(喽啰1,8,5,85.0)
(大娃,2,0,85.0)(三娃,4,0,34.0)(喽啰5,6,0,85.0)(四娃,1,1,85.0)(喽啰2,9,1,85.0)(五娃,0,2,68.0)(六娃,1,3,85.0)(爷爷,3,3,56.666666666666664)(七娃,0,4,85.0)(蛇精,6,4,51.0)(蝎子,6,5,59.49999999999999)(喽啰3,7,5,85.0)(喽啰1,8,5,85.0)
(大娃,2,0,85.0)(三娃,4,0,34.0)(喽啰5,6,0,85.0)(四娃,1,1,85.0)(喽啰2,9,1,85.0)(五娃,0,2,68.0)(六娃,1,3,85.0)(爷爷,3,3,56.666666666666664)(七娃,0,4,85.0)(蛇精,6,4,51.0)(蝎子,6,5,59.49999999999999)(喽啰3,7,5,85.0)(喽啰1,8,5,85.0)
(大娃,2,0,85.0)(三娃,4,0,34.0)(喽啰5,6,0,85.0)(四娃,1,1,85.0)(喽啰2,9,1,85.0)(五娃,0,2,68.0)(六娃,1,3,85.0)(爷爷,3,3,56.666666666666664)(七娃,0,4,85.0)(蛇精,6,4,51.0)(蝎子,6,5,59.49999999999999)(喽啰3,7,5,85.0)(喽啰1,8,5,85.0)
(大娃,2,0,85.0)(三娃,4,0,34.0)(喽啰5,6,0,85.0)(四娃,1,1,85.0)(喽啰2,9,1,85.0)(五娃,0,2,68.0)(六娃,1,3,85.0)(爷爷,3,3,56.666666666666664)(七娃,0,4,85.0)(蛇精,6,4,51.0)(蝎子,6,5,59.49999999999999)(喽啰3,7,5,85.0)(喽啰1,8,5,85.0)
(大娃,2,0,85.0)(三娃,4,0,34.0)(喽啰5,6,0,85.0)(四娃,1,1,85.0)(喽啰2,9,1,85.0)(五娃,0,2,68.0)(六娃,1,3,85.0)(爷爷,3,3,56.666666666666664)(七娃,0,4,85.0)(蛇精,6,4,51.0)(蝎子,6,5,59.49999999999999)(喽啰3,7,5,85.0)(喽啰1,8,5,85.0)
(大娃,2,0,85.0)(三娃,4,0,34.0)(喽啰5,6,0,85.0)(四娃,1,1,85.0)(喽啰2,9,1,85.0)(五娃,0,2,68.0)(六娃,1,3,85.0)(爷爷,3,3,56.666666666666664)(七娃,0,4,85.0)(蛇精,6,4,51.0)(喽啰3,7,5,85.0)(蝎子,8,5,59.49999999999999)(喽啰1,8,7,85.0)
(大娃,2,0,85.0)(三娃,4,0,34.0)(喽啰5,6,0,85.0)(四娃,1,1,85.0)(爷爷,3,1,56.666666666666664)(喽啰2,9,1,85.0)(五娃,0,2,68.0)(六娃,3,3,85.0)(喽啰3,7,3,85.0)(七娃,0,4,85.0)(蛇精,8,4,51.0)(蝎子,8,5,59.49999999999999)(喽啰1,8,7,85.0)
(大娃,0,0,85.0)(三娃,6,0,34.0)(喽啰5,8,0,85.0)(四娃,1,1,85.0)(爷爷,3,1,56.666666666666664)(喽啰2,9,1,85.0)(六娃,3,3,85.0)(喽啰3,7,3,85.0)(五娃,0,4,68.0)(蛇精,8,4,51.0)(蝎子,8,5,59.49999999999999)(七娃,0,6,85.0)(喽啰1,8,7,85.0)
(大娃,0,0,85.0)(三娃,6,0,34.0)(喽啰5,8,0,85.0)(四娃,1,1,85.0)(爷爷,3,1,56.666666666666664)(六娃,3,3,85.0)(喽啰3,7,3,85.0)(喽啰2,9,3,85.0)(五娃,0,4,68.0)(蛇精,8,4,51.0)(蝎子,8,5,59.49999999999999)(七娃,0,6,85.0)(喽啰1,8,7,85.0)
(大娃,0,0,85.0)(三娃,6,0,34.0)(喽啰5,8,0,85.0)(四娃,1,1,85.0)(爷爷,3,1,56.666666666666664)(六娃,3,3,85.0)(喽啰3,7,3,85.0)(喽啰2,9,3,85.0)(五娃,0,4,68.0)(蛇精,8,4,51.0)(蝎子,8,5,59.49999999999999)(七娃,0,6,85.0)(喽啰1,8,7,85.0)
(大娃,0,0,85.0)(三娃,6,0,34.0)(喽啰5,8,0,85.0)(爷爷,3,1,56.666666666666664)(四娃,1,3,85.0)(六娃,3,3,85.0)(喽啰3,7,3,85.0)(喽啰2,9,3,85.0)(五娃,0,4,68.0)(蛇精,8,4,51.0)(蝎子,8,5,59.49999999999999)(七娃,0,6,85.0)(喽啰1,8,7,85.0)
(大娃,0,0,85.0)(三娃,6,0,34.0)(喽啰5,8,0,85.0)(爷爷,3,1,56.666666666666664)(四娃,1,3,85.0)(六娃,3,3,85.0)(喽啰3,7,3,85.0)(喽啰2,9,3,85.0)(五娃,0,4,68.0)(蛇精,8,4,51.0)(蝎子,8,5,59.49999999999999)(七娃,0,6,85.0)(喽啰1,8,7,85.0)
(大娃,0,0,85.0)(三娃,6,0,34.0)(喽啰5,8,0,85.0)(爷爷,3,1,56.666666666666664)(四娃,1,3,85.0)(六娃,3,3,85.0)(喽啰3,7,3,85.0)(喽啰2,9,3,85.0)(五娃,0,4,68.0)(蛇精,8,4,51.0)(蝎子,8,5,59.49999999999999)(七娃,0,6,85.0)(喽啰1,8,7,85.0)
(大娃,0,0,85.0)(三娃,6,0,34.0)(喽啰5,8,0,85.0)(爷爷,3,1,56.666666666666664)(四娃,1,3,85.0)(六娃,3,3,85.0)(喽啰3,7,3,85.0)(喽啰2,9,3,85.0)(五娃,0,4,68.0)(蛇精,8,4,51.0)(蝎子,8,5,59.49999999999999)(七娃,0,6,85.0)(喽啰1,8,7,85.0)
(大娃,0,0,85.0)(三娃,6,0,34.0)(喽啰5,8,0,85.0)(爷爷,3,1,56.666666666666664)(四娃,1,3,85.0)(六娃,3,3,85.0)(喽啰3,7,3,85.0)(喽啰2,9,3,85.0)(五娃,0,4,68.0)(蛇精,8,4,51.0)(蝎子,8,5,59.49999999999999)(七娃,0,6,85.0)(喽啰1,8,7,85.0)
(大娃,0,0,85.0)(三娃,6,0,34.0)(喽啰5,8,0,85.0)(爷爷,3,1,56.666666666666664)(四娃,1,3,85.0)(六娃,3,3,85.0)(喽啰3,7,3,85.0)(蝎子,8,3,59.49999999999999)(喽啰2,9,3,85.0)(五娃,0,4,68.0)(蛇精,8,4,51.0)(七娃,0,6,85.0)(喽啰1,8,7,85.0)
(大娃,0,0,85.0)(三娃,6,0,34.0)(喽啰5,8,0,85.0)(爷爷,1,1,56.666666666666664)(四娃,1,3,85.0)(蝎子,8,3,59.49999999999999)(喽啰2,9,3,85.0)(五娃,0,4,68.0)(六娃,3,5,85.0)(喽啰3,7,5,85.0)(七娃,0,6,85.0)(蛇精,8,6,51.0)(喽啰1,10,7,85.0)
(大娃,0,0,85.0)(三娃,6,0,34.0)(喽啰5,10,0,85.0)(爷爷,1,1,56.666666666666664)(五娃,0,2,68.0)(四娃,1,3,85.0)(蝎子,8,3,59.49999999999999)(喽啰2,9,3,85.0)(六娃,3,5,85.0)(喽啰3,7,5,85.0)(七娃,0,6,85.0)(蛇精,8,6,51.0)(喽啰1,10,7,85.0)
(大娃,0,0,85.0)(喽啰5,10,0,85.0)(爷爷,1,1,56.666666666666664)(五娃,0,2,68.0)(三娃,6,2,34.0)(四娃,1,3,85.0)(蝎子,8,3,59.49999999999999)(六娃,3,5,85.0)(喽啰3,7,5,85.0)(喽啰2,9,5,85.0)(七娃,2,6,85.0)(蛇精,8,6,51.0)(喽啰1,10,7,85.0)
(大娃,0,0,85.0)(喽啰5,10,0,85.0)(爷爷,1,1,56.666666666666664)(五娃,0,2,68.0)(三娃,6,2,34.0)(四娃,1,3,85.0)(蝎子,8,3,59.49999999999999)(六娃,3,5,85.0)(喽啰3,7,5,85.0)(喽啰2,9,5,85.0)(七娃,2,6,85.0)(蛇精,8,6,51.0)(喽啰1,10,7,85.0)
(大娃,2,0,85.0)(喽啰5,10,0,85.0)(爷爷,1,1,56.666666666666664)(五娃,0,2,68.0)(三娃,6,2,34.0)(四娃,3,3,85.0)(蝎子,8,3,59.49999999999999)(六娃,3,5,85.0)(喽啰3,7,5,85.0)(喽啰2,9,5,85.0)(七娃,2,6,85.0)(蛇精,8,6,51.0)(喽啰1,10,7,85.0)
(大娃,2,0,85.0)(喽啰5,10,0,85.0)(爷爷,1,1,56.666666666666664)(五娃,0,2,68.0)(三娃,6,2,34.0)(四娃,3,3,85.0)(蝎子,8,3,59.49999999999999)(六娃,3,5,85.0)(喽啰3,7,5,85.0)(喽啰2,9,5,85.0)(七娃,2,6,85.0)(蛇精,8,6,51.0)(喽啰1,10,7,85.0)
(大娃,2,0,85.0)(喽啰5,10,0,85.0)(爷爷,1,1,56.666666666666664)(五娃,0,2,68.0)(三娃,6,2,34.0)(四娃,3,3,85.0)(蝎子,8,3,59.49999999999999)(六娃,3,5,85.0)(喽啰3,7,5,85.0)(喽啰2,9,5,85.0)(七娃,2,6,85.0)(蛇精,8,6,51.0)(喽啰1,10,7,85.0)
(大娃,2,0,85.0)(喽啰5,10,0,85.0)(爷爷,1,1,56.666666666666664)(五娃,0,2,68.0)(三娃,6,2,34.0)(四娃,3,3,85.0)(蝎子,8,3,59.49999999999999)(六娃,3,5,85.0)(喽啰3,7,5,85.0)(喽啰2,9,5,85.0)(七娃,2,6,85.0)(蛇精,8,6,51.0)(喽啰1,10,7,85.0)
(大娃,2,0,85.0)(喽啰5,10,0,85.0)(爷爷,1,1,56.666666666666664)(五娃,0,2,68.0)(三娃,6,2,34.0)(四娃,3,3,85.0)(蝎子,8,3,59.49999999999999)(六娃,3,5,85.0)(喽啰3,7,5,85.0)(喽啰2,9,5,85.0)(七娃,2,6,85.0)(蛇精,8,6,51.0)(喽啰1,10,7,85.0)
(大娃,2,0,85.0)(喽啰5,10,0,85.0)(爷爷,1,1,56.666666666666664)(五娃,0,2,68.0)(三娃,6,2,5.666666666666667)(四娃,3,3,85.0)(六娃,3,5,85.0)(喽啰3,7,5,85.0)(蝎子,8,5,59.49999999999999)(喽啰2,9,5,85.0)(七娃,2,6,85.0)(蛇精,8,6,51.0)(喽啰1,10,7,85.0)
(大娃,2,0,85.0)(喽啰5,10,0,85.0)(爷爷,3,1,56.666666666666664)(五娃,0,2,68.0)(三娃,6,2,5.666666666666667)(四娃,3,3,85.0)(六娃,3,5,85.0)(喽啰3,5,5,85.0)(蝎子,8,5,59.49999999999999)(喽啰2,9,5,85.0)(七娃,2,6,85.0)(蛇精,10,6,51.0)(喽啰1,10,7,85.0)
(五娃,0,0,68.0)(大娃,2,0,85.0)(喽啰5,8,0,85.0)(爷爷,3,1,56.666666666666664)(三娃,6,2,5.666666666666667)(四娃,3,3,85.0)(喽啰3,5,5,85.0)(蝎子,8,5,59.49999999999999)(喽啰2,9,5,85.0)(七娃,2,6,85.0)(蛇精,10,6,51.0)(六娃,3,7,85.0)(喽啰1,8,7,85.0)
(五娃,0,0,68.0)(大娃,2,0,85.0)(喽啰5,8,0,42.5)(爷爷,3,1,56.666666666666664)(三娃,8,2,5.666666666666667)(四娃,3,3,85.0)(七娃,2,4,85.0)(喽啰3,5,5,85.0)(蝎子,8,5,59.49999999999999)(蛇精,10,6,51.0)(六娃,3,7,85.0)(喽啰1,8,7,85.0)(喽啰2,9,7,85.0)
(五娃,0,0,68.0)(大娃,2,0,85.0)(喽啰5,8,0,42.5)(爷爷,3,1,56.666666666666664)(三娃,8,2,5.666666666666667)(四娃,3,3,85.0)(七娃,2,4,85.0)(喽啰3,5,5,14.166666666666666)(蝎子,8,5,59.49999999999999)(蛇精,10,6,51.0)(六娃,3,7,85.0)(喽啰1,8,7,85.0)(喽啰2,9,7,85.0)
(五娃,0,0,68.0)(大娃,4,0,85.0)(喽啰5,8,0,42.5)(爷爷,3,1,56.666666666666664)(三娃,8,2,5.666666666666667)(四娃,5,3,85.0)(七娃,2,4,85.0)(喽啰3,5,5,14.166666666666666)(蝎子,8,5,59.49999999999999)(蛇精,10,6,51.0)(六娃,3,7,85.0)(喽啰1,8,7,85.0)(喽啰2,9,7,85.0)
(五娃,0,0,68.0)(大娃,4,0,85.0)(喽啰5,8,0,42.5)(爷爷,3,1,56.666666666666664)(三娃,8,2,5.666666666666667)(四娃,5,3,85.0)(七娃,2,4,85.0)(喽啰3,5,5,14.166666666666666)(蝎子,8,5,59.49999999999999)(蛇精,10,6,51.0)(六娃,3,7,85.0)(喽啰1,8,7,85.0)(喽啰2,9,7,85.0)
(五娃,0,0,68.0)(大娃,4,0,85.0)(喽啰5,8,0,42.5)(爷爷,3,1,56.666666666666664)(三娃,8,2,5.666666666666667)(四娃,5,3,85.0)(七娃,2,4,85.0)(喽啰3,5,5,14.166666666666666)(蝎子,8,5,59.49999999999999)(蛇精,10,6,51.0)(六娃,3,7,85.0)(喽啰1,8,7,85.0)(喽啰2,9,7,85.0)
(五娃,0,0,68.0)(大娃,4,0,85.0)(喽啰5,8,0,42.5)(爷爷,3,1,56.666666666666664)(三娃,8,2,5.666666666666667)(四娃,5,3,85.0)(七娃,2,4,85.0)(喽啰3,5,5,14.166666666666666)(蝎子,8,5,59.49999999999999)(蛇精,10,6,51.0)(六娃,3,7,85.0)(喽啰1,8,7,85.0)(喽啰2,9,7,85.0)
(五娃,0,0,68.0)(大娃,4,0,85.0)(喽啰5,8,0,42.5)(爷爷,3,1,56.666666666666664)(三娃,8,2,5.666666666666667)(四娃,5,3,85.0)(七娃,2,4,85.0)(喽啰3,5,5,14.166666666666666)(蝎子,8,5,59.49999999999999)(蛇精,10,6,51.0)(六娃,3,7,85.0)(喽啰1,8,7,85.0)(喽啰2,9,7,85.0)
(五娃,0,0,68.0)(大娃,4,0,85.0)(喽啰5,8,0,42.5)(爷爷,3,1,56.666666666666664)(三娃,8,2,5.666666666666667)(四娃,5,3,85.0)(七娃,2,4,85.0)(喽啰3,5,5,14.166666666666666)(蝎子,6,5,59.49999999999999)(蛇精,10,6,51.0)(六娃,3,7,85.0)(喽啰1,8,7,85.0)(喽啰2,9,7,85.0)
(五娃,0,0,68.0)(大娃,4,0,85.0)(喽啰5,8,0,42.5)(爷爷,1,1,56.666666666666664)(三娃,8,2,5.666666666666667)(四娃,5,3,85.0)(七娃,2,4,85.0)(蛇精,10,4,51.0)(蝎子,6,5,59.49999999999999)(喽啰3,7,5,14.166666666666666)(六娃,3,7,68.0)(喽啰1,8,7,85.0)(喽啰2,9,7,85.0)
(五娃,2,0,68.0)(大娃,4,0,85.0)(喽啰5,6,0,42.5)(爷爷,1,1,56.666666666666664)(三娃,8,2,5.666666666666667)(四娃,5,3,85.0)(七娃,2,4,85.0)(蛇精,10,4,51.0)(六娃,3,5,68.0)(蝎子,6,5,59.49999999999999)(喽啰3,7,5,14.166666666666666)(喽啰1,6,7,85.0)(喽啰2,9,7,85.0)
(五娃,2,0,68.0)(大娃,4,0,85.0)(爷爷,1,1,56.666666666666664)(七娃,2,2,85.0)(三娃,10,2,5.666666666666667)(四娃,5,3,85.0)(蛇精,10,4,34.0)(六娃,3,5,68.0)(蝎子,6,5,59.49999999999999)(喽啰3,7,5,14.166666666666666)(喽啰1,6,7,85.0)(喽啰2,9,7,85.0)
(五娃,2,0,68.0)(大娃,4,0,85.0)(爷爷,1,1,56.666666666666664)(七娃,2,2,85.0)(三娃,10,2,5.666666666666667)(四娃,5,3,85.0)(蛇精,10,4,34.0)(六娃,3,5,68.0)(蝎子,6,5,17.0)(喽啰1,6,7,85.0)(喽啰2,7,7,85.0)
(五娃,2,0,68.0)(大娃,4,0,85.0)(爷爷,1,1,56.666666666666664)(七娃,2,2,85.0)(三娃,10,2,5.666666666666667)(四娃,7,3,85.0)(蛇精,10,4,34.0)(六娃,3,5,68.0)(蝎子,6,5,17.0)(喽啰1,6,7,85.0)(喽啰2,7,7,85.0)
(五娃,2,0,68.0)(大娃,6,0,85.0)(爷爷,1,1,56.666666666666664)(七娃,2,2,85.0)(三娃,10,2,5.666666666666667)(四娃,7,3,85.0)(蛇精,10,4,34.0)(六娃,3,5,68.0)(蝎子,6,5,17.0)(喽啰1,6,7,85.0)(喽啰2,7,7,85.0)
(五娃,2,0,68.0)(大娃,6,0,85.0)(爷爷,1,1,56.666666666666664)(七娃,2,2,85.0)(三娃,10,2,5.666666666666667)(四娃,7,3,85.0)(蛇精,10,4,34.0)(六娃,3,5,68.0)(蝎子,6,5,17.0)(喽啰1,6,7,85.0)(喽啰2,7,7,85.0)
(五娃,2,0,68.0)(大娃,6,0,85.0)(爷爷,1,1,56.666666666666664)(七娃,2,2,85.0)(三娃,10,2,5.666666666666667)(四娃,7,3,85.0)(蛇精,10,4,34.0)(六娃,3,5,68.0)(蝎子,6,5,17.0)(喽啰1,6,7,85.0)(喽啰2,7,7,85.0)
(五娃,2,0,68.0)(大娃,6,0,85.0)(爷爷,1,1,56.666666666666664)(七娃,2,2,85.0)(三娃,10,2,5.666666666666667)(四娃,7,3,85.0)(蛇精,10,4,34.0)(六娃,3,5,68.0)(蝎子,6,5,17.0)(喽啰1,6,7,85.0)(喽啰2,7,7,85.0)
(五娃,2,0,68.0)(大娃,6,0,85.0)(爷爷,1,1,56.666666666666664)(七娃,2,2,85.0)(三娃,10,2,5.666666666666667)(蛇精,10,4,34.0)(六娃,3,5,68.0)(蝎子,6,5,17.0)(喽啰1,6,7,85.0)(喽啰2,7,7,85.0)
(五娃,2,0,68.0)(大娃,6,0,85.0)(爷爷,3,1,56.666666666666664)(七娃,2,2,85.0)(三娃,10,2,5.666666666666667)(六娃,3,5,68.0)(蝎子,6,5,17.0)(蛇精,10,6,34.0)(喽啰1,6,7,85.0)(喽啰2,7,7,85.0)
(五娃,4,0,68.0)(大娃,6,0,85.0)(爷爷,3,1,56.666666666666664)(七娃,2,2,85.0)(三娃,10,2,5.666666666666667)(蝎子,4,5,17.0)(蛇精,10,6,34.0)(六娃,3,7,68.0)(喽啰1,6,7,85.0)(喽啰2,7,7,85.0)
(五娃,4,0,68.0)(大娃,6,0,85.0)(爷爷,3,1,56.666666666666664)(七娃,4,2,85.0)(三娃,8,2,5.666666666666667)(蝎子,4,5,17.0)(喽啰1,6,5,85.0)(蛇精,10,6,34.0)(六娃,3,7,68.0)(喽啰2,7,7,85.0)
(五娃,4,0,68.0)(大娃,6,0,85.0)(爷爷,3,1,56.666666666666664)(七娃,4,2,85.0)(三娃,8,2,5.666666666666667)(蝎子,4,5,17.0)(喽啰1,6,5,85.0)(喽啰2,7,5,85.0)(蛇精,10,6,34.0)(六娃,3,7,68.0)
(五娃,4,0,68.0)(大娃,6,0,85.0)(爷爷,3,1,56.666666666666664)(七娃,4,2,85.0)(三娃,8,2,5.666666666666667)(蝎子,4,5,17.0)(喽啰1,6,5,85.0)(喽啰2,7,5,85.0)(蛇精,10,6,34.0)(六娃,3,7,68.0)
(五娃,4,0,68.0)(大娃,8,0,85.0)(爷爷,3,1,56.666666666666664)(七娃,4,2,85.0)(三娃,8,2,5.666666666666667)(蝎子,4,5,17.0)(喽啰1,6,5,85.0)(喽啰2,7,5,85.0)(蛇精,10,6,34.0)(六娃,3,7,68.0)
(五娃,4,0,68.0)(大娃,8,0,85.0)(爷爷,3,1,56.666666666666664)(七娃,4,2,85.0)(三娃,8,2,5.666666666666667)(蝎子,4,5,17.0)(喽啰1,6,5,85.0)(喽啰2,7,5,85.0)(蛇精,10,6,34.0)(六娃,3,7,68.0)
(五娃,4,0,68.0)(大娃,8,0,85.0)(爷爷,3,1,56.666666666666664)(七娃,4,2,85.0)(三娃,8,2,5.666666666666667)(蝎子,4,5,17.0)(喽啰1,6,5,85.0)(喽啰2,7,5,85.0)(蛇精,10,6,34.0)(六娃,3,7,68.0)
(五娃,4,0,68.0)(大娃,8,0,85.0)(爷爷,3,1,56.666666666666664)(七娃,4,2,85.0)(三娃,8,2,5.666666666666667)(蝎子,4,5,17.0)(喽啰1,6,5,85.0)(喽啰2,7,5,85.0)(蛇精,10,6,34.0)(六娃,3,7,68.0)
(五娃,4,0,68.0)(大娃,8,0,85.0)(爷爷,3,1,56.666666666666664)(七娃,4,2,85.0)(三娃,8,2,5.666666666666667)(蝎子,4,5,17.0)(喽啰1,6,5,85.0)(喽啰2,7,5,85.0)(蛇精,10,6,34.0)(六娃,3,7,68.0)
(五娃,4,0,68.0)(大娃,8,0,85.0)(爷爷,5,1,56.666666666666664)(七娃,4,2,85.0)(三娃,8,2,5.666666666666667)(蝎子,4,5,17.0)(喽啰1,6,5,85.0)(喽啰2,7,5,85.0)(蛇精,10,6,34.0)(六娃,3,7,68.0)
(五娃,4,0,68.0)(大娃,8,0,85.0)(爷爷,5,1,56.666666666666664)(七娃,4,2,85.0)(三娃,8,2,5.666666666666667)(蛇精,10,4,34.0)(蝎子,4,5,17.0)(喽啰1,6,5,85.0)(喽啰2,7,5,85.0)
(五娃,6,0,68.0)(大娃,8,0,85.0)(爷爷,5,1,56.666666666666664)(七娃,6,2,85.0)(三娃,8,2,5.666666666666667)(喽啰2,7,5,85.0)(喽啰1,8,5,85.0)(蝎子,4,7,17.0)
(五娃,6,0,68.0)(大娃,8,0,85.0)(爷爷,5,1,56.666666666666664)(七娃,6,2,85.0)(喽啰2,7,3,85.0)(三娃,8,4,5.666666666666667)(喽啰1,8,5,85.0)(蝎子,4,7,17.0)
(五娃,6,0,68.0)(大娃,8,0,85.0)(爷爷,5,1,56.666666666666664)(七娃,6,2,85.0)(喽啰2,7,3,85.0)(三娃,8,4,5.666666666666667)(喽啰1,8,5,85.0)(蝎子,4,7,17.0)
(五娃,6,0,68.0)(爷爷,5,1,56.666666666666664)(七娃,6,2,85.0)(大娃,8,2,85.0)(喽啰2,7,3,85.0)(三娃,8,4,5.666666666666667)(喽啰1,8,5,85.0)(蝎子,4,7,17.0)
(五娃,6,0,68.0)(爷爷,5,1,56.666666666666664)(七娃,6,2,85.0)(大娃,8,2,85.0)(喽啰2,7,3,85.0)(三娃,8,4,5.666666666666667)(喽啰1,8,5,85.0)(蝎子,4,7,17.0)
(五娃,6,0,68.0)(爷爷,5,1,56.666666666666664)(七娃,6,2,85.0)(大娃,8,2,85.0)(喽啰2,7,3,85.0)(三娃,8,4,5.666666666666667)(喽啰1,8,5,85.0)(蝎子,4,7,17.0)
(五娃,6,0,68.0)(爷爷,5,1,56.666666666666664)(七娃,6,2,85.0)(大娃,8,2,85.0)(喽啰2,7,3,85.0)(三娃,8,4,5.666666666666667)(喽啰1,8,5,85.0)(蝎子,4,7,17.0)
(五娃,6,0,68.0)(爷爷,5,1,56.666666666666664)(七娃,6,2,85.0)(大娃,8,2,85.0)(喽啰2,7,3,70.83333333333334)(三娃,8,4,5.666666666666667)(喽啰1,8,5,85.0)(蝎子,4,7,17.0)
(五娃,6,0,68.0)(爷爷,7,1,56.666666666666664)(七娃,6,2,85.0)(大娃,8,2,85.0)(喽啰2,7,3,70.83333333333334)(三娃,8,4,5.666666666666667)(喽啰1,8,5,85.0)(蝎子,4,7,17.0)
(五娃,6,0,68.0)(爷爷,7,1,56.666666666666664)(七娃,6,2,85.0)(大娃,8,2,85.0)(喽啰2,7,3,70.83333333333334)(三娃,8,4,5.666666666666667)(蝎子,4,5,17.0)(喽啰1,8,5,85.0)
(五娃,8,0,68.0)(爷爷,7,1,56.666666666666664)(大娃,8,2,85.0)(七娃,6,4,85.0)(三娃,8,4,5.666666666666667)(蝎子,4,5,17.0)(喽啰1,10,5,85.0)
(五娃,8,0,68.0)(爷爷,7,1,56.666666666666664)(大娃,8,2,85.0)(七娃,6,4,85.0)(蝎子,4,5,17.0)(喽啰1,10,5,42.5)(三娃,8,6,5.666666666666667)
(五娃,8,0,68.0)(爷爷,7,1,56.666666666666664)(大娃,8,2,85.0)(七娃,6,4,85.0)(蝎子,4,5,17.0)(喽啰1,10,5,42.5)(三娃,8,6,5.666666666666667)
(五娃,8,0,68.0)(爷爷,7,1,56.666666666666664)(七娃,6,4,85.0)(大娃,8,4,85.0)(蝎子,4,5,17.0)(喽啰1,10,5,42.5)(三娃,8,6,5.666666666666667)
(五娃,8,0,68.0)(爷爷,7,1,56.666666666666664)(七娃,6,4,85.0)(大娃,8,4,85.0)(蝎子,4,5,17.0)(喽啰1,10,5,42.5)(三娃,8,6,5.666666666666667)
(五娃,8,0,68.0)(爷爷,7,1,56.666666666666664)(七娃,6,4,85.0)(大娃,8,4,85.0)(蝎子,4,5,17.0)(喽啰1,10,5,42.5)(三娃,8,6,5.666666666666667)
(五娃,8,0,68.0)(爷爷,7,1,56.666666666666664)(七娃,6,4,85.0)(大娃,8,4,85.0)(蝎子,4,5,17.0)(喽啰1,10,5,42.5)(三娃,8,6,5.666666666666667)
(五娃,8,0,68.0)(爷爷,7,3,56.666666666666664)(七娃,6,4,85.0)(大娃,8,4,85.0)(蝎子,4,5,17.0)(喽啰1,10,5,42.5)(三娃,8,6,5.666666666666667)
(五娃,8,0,68.0)(爷爷,7,3,56.666666666666664)(七娃,6,4,42.5)(大娃,8,4,68.0)(蝎子,4,5,17.0)(喽啰1,10,5,42.5)
(五娃,6,0,68.0)(爷爷,7,3,56.666666666666664)(七娃,6,4,42.5)(大娃,8,4,68.0)(喽啰1,10,7,42.5)
(五娃,6,0,68.0)(爷爷,7,3,56.666666666666664)(大娃,8,4,68.0)(七娃,6,6,42.5)(喽啰1,10,7,42.5)
(五娃,6,0,68.0)(爷爷,7,3,56.666666666666664)(大娃,8,4,68.0)(七娃,6,6,42.5)(喽啰1,10,7,42.5)
(五娃,6,0,68.0)(爷爷,7,3,56.666666666666664)(大娃,6,4,68.0)(七娃,6,6,42.5)(喽啰1,10,7,42.5)
(五娃,6,0,68.0)(爷爷,7,3,56.666666666666664)(大娃,6,4,68.0)(七娃,6,6,42.5)(喽啰1,10,7,42.5)
(五娃,6,0,68.0)(爷爷,7,3,56.666666666666664)(大娃,6,4,68.0)(七娃,6,6,42.5)(喽啰1,10,7,42.5)
(五娃,6,0,68.0)(爷爷,7,3,56.666666666666664)(大娃,6,4,68.0)(七娃,6,6,42.5)(喽啰1,10,7,42.5)
(五娃,6,0,68.0)(大娃,6,4,68.0)(爷爷,7,5,56.666666666666664)(七娃,6,6,42.5)(喽啰1,10,7,42.5)
(五娃,6,0,68.0)(大娃,6,4,68.0)(爷爷,7,5,56.666666666666664)(七娃,6,6,42.5)(喽啰1,10,7,42.5)
(五娃,6,0,68.0)(大娃,6,4,68.0)(爷爷,7,5,56.666666666666664)(七娃,6,6,42.5)(喽啰1,10,7,42.5)
(五娃,8,0,68.0)(大娃,6,4,68.0)(爷爷,7,5,56.666666666666664)(七娃,6,6,42.5)
(五娃,8,0,68.0)(大娃,6,4,68.0)(爷爷,7,5,56.666666666666664)(七娃,6,6,42.5)
(五娃,8,0,68.0)(大娃,6,4,68.0)(爷爷,7,5,56.666666666666664)(七娃,6,6,42.5)
(五娃,8,0,68.0)(大娃,6,4,68.0)(爷爷,7,5,56.666666666666664)(七娃,6,6,42.5)
(五娃,8,0,68.0)(大娃,6,4,68.0)(爷爷,7,5,56.666666666666664)(七娃,6,6,42.5)
(五娃,8,0,68.0)(大娃,6,4,68.0)(爷爷,7,5,56.666666666666664)(七娃,6,6,42.5)
(五娃,8,0,68.0)(大娃,6,4,68.0)(爷爷,7,5,56.666666666666664)(七娃,6,6,42.5)
Win